<?xml version="1.0" encoding="UTF-8"?>
<!-- Generated by org.testng.reporters.JUnitReportReporter -->
<testsuite hostname="TYSS-Pritam-Pramanick" failures="0" tests="3" name="com.AllTestNG.ParalelClass1" time="45.131" errors="0" timestamp="2025-07-05T17:01:54 IST" skipped="0">
  <testcase classname="com.AllTestNG.ParalelClass1" name="addJacketToCart" time="9.805"/>
  <testcase classname="com.AllTestNG.ParalelClass1" name="addJacketToCart" time="5.572"/>
  <testcase classname="com.AllTestNG.ParalelClass1" name="addJacketToCart" time="29.754"/>
</testsuite> <!-- com.AllTestNG.ParalelClass1 -->
