<?xml version="1.0" encoding="UTF-8"?>
<!-- Generated by org.testng.reporters.JUnitReportReporter -->
<testsuite hostname="TYSS-Pritam-Pramanick" failures="0" tests="3" name="com.AllTestNG.ReadingDataFromDataProvider" time="0.017" errors="0" timestamp="2025-07-03T15:57:14 IST" skipped="0">
  <testcase classname="com.AllTestNG.ReadingDataFromDataProvider" name="demoTest" time="0.012">
    <system-out>
      <![CDATA[John Doe john@gmail.com 9.988776655E9 Male 5.0 API testing protractor Experienced Api Tester
Execution Done]]>
    </system-out>
  </testcase> <!-- demoTest -->
  <testcase classname="com.AllTestNG.ReadingDataFromDataProvider" name="demoTest" time="0.003">
    <system-out>
      <![CDATA[Lara Croft lara@yahoo.com 8.877665544E9 Female 3.0 DB testing Cypress Experienced DB Tester
Execution Done]]>
    </system-out>
  </testcase> <!-- demoTest -->
  <testcase classname="com.AllTestNG.ReadingDataFromDataProvider" name="demoTest" time="0.002">
    <system-out>
      <![CDATA[Agent Ghost ghost@gmail.com 7.766554433E9 Male 2.0 Automation Selenium Experienced Automation Tester
Execution Done]]>
    </system-out>
  </testcase> <!-- demoTest -->
  <system-out>
    <![CDATA[John Doe john@gmail.com 9.988776655E9 Male 5.0 API testing protractor Experienced Api Tester
Execution Done
Lara Croft lara@yahoo.com 8.877665544E9 Female 3.0 DB testing Cypress Experienced DB Tester
Execution Done
Agent Ghost ghost@gmail.com 7.766554433E9 Male 2.0 Automation Selenium Experienced Automation Tester
Execution Done]]>
  </system-out>
</testsuite> <!-- com.AllTestNG.ReadingDataFromDataProvider -->
