<?xml version="1.0" encoding="UTF-8"?>
<!-- Generated by org.testng.reporters.JUnitReportReporter -->
<testsuite hostname="TYSS-Pritam-Pramanick" failures="0" tests="7" name="com.AllTestNG.SampleTestNGAttrribute" time="13.181" errors="0" timestamp="2025-07-01T17:12:59 IST" skipped="0">
  <testcase classname="com.AllTestNG.SampleTestNGAttrribute" name="doLogIn" time="2.225"/>
  <testcase classname="com.AllTestNG.SampleTestNGAttrribute" name="doLogIn" time="2.262"/>
  <testcase classname="com.AllTestNG.SampleTestNGAttrribute" name="doLogIn" time="2.264"/>
  <testcase classname="com.AllTestNG.SampleTestNGAttrribute" name="openBrowser" time="1.704"/>
  <testcase classname="com.AllTestNG.SampleTestNGAttrribute" name="openUrl" time="0.218"/>
  <testcase classname="com.AllTestNG.SampleTestNGAttrribute" name="doLogIn" time="2.254"/>
  <testcase classname="com.AllTestNG.SampleTestNGAttrribute" name="doLogIn" time="2.254"/>
</testsuite> <!-- com.AllTestNG.SampleTestNGAttrribute -->
