<?xml version="1.0" encoding="UTF-8"?>
<!-- Generated by org.testng.reporters.JUnitReportReporter -->
<testsuite hostname="TYSS-Pritam-Pramanick" failures="0" tests="1" name="com.AllTestScript.FirstTestNGClass" time="0.012" errors="0" timestamp="2025-06-27T16:59:53 IST" skipped="0">
  <testcase classname="com.AllTestScript.FirstTestNGClass" name="demo" time="0.012">
    <system-out>
      <![CDATA[Hello TestNG]]>
    </system-out>
  </testcase> <!-- demo -->
  <system-out>
    <![CDATA[Hello TestNG]]>
  </system-out>
</testsuite> <!-- com.AllTestScript.FirstTestNGClass -->
