<?xml version="1.0" encoding="UTF-8"?>
<!-- Generated by org.testng.reporters.JUnitReportReporter -->
<testsuite hostname="TYSS-Pritam-Pramanick" failures="0" tests="1" name="com.AllTestNG.ParallelClass2" time="6.314" errors="0" timestamp="2025-07-05T16:42:47 IST" skipped="0">
  <testcase classname="com.AllTestNG.ParallelClass2" name="addBikeLightToCart" time="6.314"/>
</testsuite> <!-- com.AllTestNG.ParallelClass2 -->
