<?xml version="1.0" encoding="UTF-8"?>
<!-- Generated by org.testng.reporters.JUnitReportReporter -->
<testsuite hostname="TYSS-Pritam-Pramanick" failures="0" tests="1" name="com.AllTestNG.SampleTestClass" time="0.006" errors="0" timestamp="2025-06-30T16:11:05 IST" skipped="0">
  <testcase classname="com.AllTestNG.SampleTestClass" name="demotest" time="0.006">
    <system-out>
      <![CDATA[It is an Demo Test]]>
    </system-out>
  </testcase> <!-- demotest -->
  <system-out>
    <![CDATA[This is the BeforeSuite
This is the BeforeTest
This is the BeforeClass
This is the BeforeMethod
It is an Demo Test
This is the AfterMethod
This is the AfterClass
This is the AfterTest
This is the AfterSuite]]>
  </system-out>
</testsuite> <!-- com.AllTestNG.SampleTestClass -->
