<?xml version="1.0" encoding="UTF-8"?>
<!-- Generated by org.testng.reporters.JUnitReportReporter -->
<testsuite hostname="TYSS-Pritam-Pramanick" failures="0" tests="3" name="com.AllTestNG.ExecutingTest" time="0.010" errors="0" timestamp="2025-06-28T17:04:14 IST" skipped="0">
  <testcase classname="com.AllTestNG.ExecutingTest" name="friendRequest" time="0.008">
    <system-out>
      <![CDATA[FriendRequest is sent sucessfully]]>
    </system-out>
  </testcase> <!-- friendRequest -->
  <testcase classname="com.AllTestNG.ExecutingTest" name="logIn" time="0.001">
    <system-out>
      <![CDATA[LogIn Sucessfully]]>
    </system-out>
  </testcase> <!-- logIn -->
  <testcase classname="com.AllTestNG.ExecutingTest" name="notification" time="0.001">
    <system-out>
      <![CDATA[Notification page is opened]]>
    </system-out>
  </testcase> <!-- notification -->
  <system-out>
    <![CDATA[FriendRequest is sent sucessfully
LogIn Sucessfully
Notification page is opened]]>
  </system-out>
</testsuite> <!-- com.AllTestNG.ExecutingTest -->
