<?xml version="1.0" encoding="UTF-8"?>
<!-- Generated by org.testng.reporters.JUnitReportReporter -->
<testsuite hostname="TYSS-Pritam-Pramanick" failures="0" tests="2" name="com.AllTestNG.DemoClass1" time="0.004" errors="0" timestamp="2025-07-04T16:56:58 IST" skipped="0">
  <testcase classname="com.AllTestNG.DemoClass1" name="m1" time="0.002">
    <system-out>
      <![CDATA[this m1 method from Class 1]]>
    </system-out>
  </testcase> <!-- m1 -->
  <testcase classname="com.AllTestNG.DemoClass1" name="m2" time="0.002">
    <system-out>
      <![CDATA[this m2 method from Class 1]]>
    </system-out>
  </testcase> <!-- m2 -->
  <system-out>
    <![CDATA[this m5 method from Class 2
this m1 method from Class 1
this m2 method from Class 1]]>
  </system-out>
</testsuite> <!-- com.AllTestNG.DemoClass1 -->
