<?xml version="1.0" encoding="UTF-8"?>
<!-- Generated by org.testng.reporters.JUnitReportReporter -->
<testsuite hostname="TYSS-Pritam-Pramanick" failures="0" tests="6" name="all_testNG_package.DummyClass1" time="0.014" errors="0" timestamp="2025-09-09T11:57:53 IST" skipped="0">
  <testcase classname="all_testNG_package.DummyClass1" name="testMethod3" time="0.002">
    <system-out>
      <![CDATA[This is the Test Case or Test Method 3]]>
    </system-out>
  </testcase> <!-- testMethod3 -->
  <testcase classname="all_testNG_package.DummyClass1" name="testMethod2" time="0.002">
    <system-out>
      <![CDATA[This is the Test Case or Test Method 2]]>
    </system-out>
  </testcase> <!-- testMethod2 -->
  <testcase classname="all_testNG_package.DummyClass1" name="testMethod2" time="0.003">
    <system-out>
      <![CDATA[This is the Test Case or Test Method 2]]>
    </system-out>
  </testcase> <!-- testMethod2 -->
  <testcase classname="all_testNG_package.DummyClass1" name="testMethod3" time="0.003">
    <system-out>
      <![CDATA[This is the Test Case or Test Method 3]]>
    </system-out>
  </testcase> <!-- testMethod3 -->
  <testcase classname="all_testNG_package.DummyClass1" name="testMethod1" time="0.002">
    <system-out>
      <![CDATA[This is the Test Case or Test Method 1]]>
    </system-out>
  </testcase> <!-- testMethod1 -->
  <testcase classname="all_testNG_package.DummyClass1" name="testMethod1" time="0.002">
    <system-out>
      <![CDATA[This is the Test Case or Test Method 1]]>
    </system-out>
  </testcase> <!-- testMethod1 -->
  <system-out>
    <![CDATA[This is the BeforeSuite Method
This is the Before Test Method
This is the Before Class Method
This is the Before Method
This is the Test Case or Test Method 1 in Class2
This is the After Method
This is the After Class Method
This is the Before Class Method
This is the Before Method
This is the Test Case or Test Method 1
This is the After Method
This is the Before Method
This is the Test Case or Test Method 2
This is the After Method
This is the Before Method
This is the Test Case or Test Method 3
This is the After Method
This is the After Class Method
This is the After Test Method
This is the Before Test Method
This is the Before Class Method
This is the Before Method
This is the Test Case or Test Method 1 in Class2
This is the After Method
This is the After Class Method
This is the Before Class Method
This is the Before Method
This is the Test Case or Test Method 1
This is the After Method
This is the Before Method
This is the Test Case or Test Method 2
This is the After Method
This is the Before Method
This is the Test Case or Test Method 3
This is the After Method
This is the After Class Method
This is the After Test Method
This is the AfterSuite Method]]>
  </system-out>
</testsuite> <!-- all_testNG_package.DummyClass1 -->
