<?xml version="1.0" encoding="UTF-8"?>
<!-- Generated by org.testng.reporters.JUnitReportReporter -->
<testsuite hostname="TYSS-Pritam-Pramanick" failures="0" tests="3" name="all_testNG_package.TestNGOderOfExecution" time="0.003" errors="0" timestamp="2025-09-16T13:26:22 IST" skipped="0">
  <testcase classname="all_testNG_package.TestNGOderOfExecution" name="friendRequest" time="0.001">
    <system-out>
      <![CDATA[The Test case ~ friendRequest is started execution
FriendRequest is sent
The Test Case ~ friendRequest is sucessful]]>
    </system-out>
  </testcase> <!-- friendRequest -->
  <testcase classname="all_testNG_package.TestNGOderOfExecution" name="notification" time="0.001">
    <system-out>
      <![CDATA[The Test case ~ notification is started execution
Notification is received
The Test Case ~ notification is sucessful]]>
    </system-out>
  </testcase> <!-- notification -->
  <testcase classname="all_testNG_package.TestNGOderOfExecution" name="logIn" time="0.001">
    <system-out>
      <![CDATA[The Test case ~ logIn is started execution
LogIn is sucessful
The Test Case ~ logIn is sucessful]]>
    </system-out>
  </testcase> <!-- logIn -->
  <system-out>
    <![CDATA[The TestExecution is started ~ Test
The Test case ~ check_Visibility_Of_All_Products is started execution
The Product is displayed
The Product is displayed
The Product is displayed
The Product is displayed
The Product is displayed
The Product is displayed
The Test Case ~ check_Visibility_Of_All_Products is sucessful
The Test case ~ check_Added_Item_Number is started execution
The Cart Button text is Changed to "Remove"
The numberof the item in cart is same as selected
The Test Case ~ check_Added_Item_Number is sucessful
The Test case ~ addItem is started execution
Then Test case ~ addItem is Skipped
The Test case ~ goToCart is started execution
Then Test case ~ goToCart is Skipped
The Test case ~ doCheckout is started execution
Then Test case ~ doCheckout is Skipped
The Test case ~ fillOrderDetails is started execution
Then Test case ~ fillOrderDetails is Skipped
The Test case ~ finishOrder is started execution
Then Test case ~ finishOrder is Skipped
The Test case ~ verifyMessage is started execution
Then Test case ~ verifyMessage is Skipped
The Test case ~ logIn is started execution
LogIn is sucessful
The Test Case ~ logIn is sucessful
The Test case ~ friendRequest is started execution
FriendRequest is sent
The Test Case ~ friendRequest is sucessful
The Test case ~ notification is started execution
Notification is received
The Test Case ~ notification is sucessful]]>
  </system-out>
</testsuite> <!-- all_testNG_package.TestNGOderOfExecution -->
