<?xml version="1.0" encoding="UTF-8"?>
<!-- Generated by org.testng.reporters.JUnitReportReporter -->
<testsuite hostname="TYSS-Pritam-Pramanick" failures="0" tests="2" name="all_testNG_package.Check_Number_Of_Added_Item_Using_SoftAssertion" time="0.287" errors="0" timestamp="2025-09-16T14:02:12 IST" skipped="0">
  <testcase classname="all_testNG_package.Check_Number_Of_Added_Item_Using_SoftAssertion" name="check_Visibility_Of_All_Products" time="0.080">
    <system-out>
      <![CDATA[The Product is displayed
The Product is displayed
The Product is displayed
The Product is displayed
The Product is displayed
The Product is displayed]]>
    </system-out>
  </testcase> <!-- check_Visibility_Of_All_Products -->
  <testcase classname="all_testNG_package.Check_Number_Of_Added_Item_Using_SoftAssertion" name="check_Added_Item_Number" time="0.207">
    <system-out>
      <![CDATA[The Cart Button text is Changed to "Remove"
The numberof the item in cart is same as selected]]>
    </system-out>
  </testcase> <!-- check_Added_Item_Number -->
  <system-out>
    <![CDATA[The Product is displayed
The Product is displayed
The Product is displayed
The Product is displayed
The Product is displayed
The Product is displayed
The Cart Button text is Changed to "Remove"
The numberof the item in cart is same as selected]]>
  </system-out>
</testsuite> <!-- all_testNG_package.Check_Number_Of_Added_Item_Using_SoftAssertion -->
