<?xml version="1.0" encoding="UTF-8"?>
<!-- Generated by org.testng.reporters.JUnitReportReporter -->
<testsuite hostname="TYSS-Pritam-Pramanick" failures="0" tests="1" name="all_testNG_package.FirstTestNGClass" time="0.015" errors="0" timestamp="2025-09-05T11:34:21 IST" skipped="0">
  <testcase classname="all_testNG_package.FirstTestNGClass" name="demoMethod" time="0.015">
    <system-out>
      <![CDATA[The Test method]]>
    </system-out>
  </testcase> <!-- demoMethod -->
  <system-out>
    <![CDATA[The Test method]]>
  </system-out>
</testsuite> <!-- all_testNG_package.FirstTestNGClass -->
