<?xml version="1.0" encoding="UTF-8"?>
<!-- Generated by org.testng.reporters.JUnitReportReporter -->
<testsuite hostname="TYSS-Pritam-Pramanick" failures="0" tests="2" name="all_testNG_package.GroupExecutionClass1" time="0.012" errors="0" timestamp="2025-09-17T13:31:06 IST" skipped="0">
  <testcase classname="all_testNG_package.GroupExecutionClass1" name="m2" time="0.011">
    <system-out>
      <![CDATA[This is M2 Method from class 1]]>
    </system-out>
  </testcase> <!-- m2 -->
  <testcase classname="all_testNG_package.GroupExecutionClass1" name="m3" time="0.001">
    <system-out>
      <![CDATA[This is M3 Method from class 1]]>
    </system-out>
  </testcase> <!-- m3 -->
  <system-out>
    <![CDATA[This is M2 Method from class 1
This is M3 Method from class 1
This is A3 Method from class 2]]>
  </system-out>
</testsuite> <!-- all_testNG_package.GroupExecutionClass1 -->
