<?xml version="1.0" encoding="UTF-8"?>
<!-- Generated by org.testng.reporters.JUnitReportReporter -->
<testsuite hostname="TYSS-Pritam-Pramanick" failures="0" tests="2" name="all_testNG_package.SortingItemPrice" time="0.360" errors="0" timestamp="2025-09-16T16:41:33 IST" skipped="0">
  <testcase classname="all_testNG_package.SortingItemPrice" name="sortFromHighToLow" time="0.250">
    <system-out>
      <![CDATA[The Price is sorted in Higher to Lower]]>
    </system-out>
  </testcase> <!-- sortFromHighToLow -->
  <testcase classname="all_testNG_package.SortingItemPrice" name="checkVisibilityOfPrices" time="0.110">
    <system-out>
      <![CDATA[The price is displayed
The price is displayed
The price is displayed
The price is displayed
The price is displayed
The price is displayed]]>
    </system-out>
  </testcase> <!-- checkVisibilityOfPrices -->
  <system-out>
    <![CDATA[The price is displayed
The price is displayed
The price is displayed
The price is displayed
The price is displayed
The price is displayed
The Price is sorted in Higher to Lower]]>
  </system-out>
</testsuite> <!-- all_testNG_package.SortingItemPrice -->
