<?xml version="1.0" encoding="UTF-8"?>
<!-- Generated by org.testng.reporters.JUnitReportReporter -->
<testsuite hostname="TYSS-Pritam-Pramanick" failures="0" tests="3" name="all_testNG_package.UsingInvocationCount" time="7.731" errors="0" timestamp="2025-09-11T13:18:52 IST" skipped="0">
  <testcase classname="all_testNG_package.UsingInvocationCount" name="openBrowser" time="3.120"/>
  <testcase classname="all_testNG_package.UsingInvocationCount" name="openBrowser" time="2.232"/>
  <testcase classname="all_testNG_package.UsingInvocationCount" name="openBrowser" time="2.379"/>
</testsuite> <!-- all_testNG_package.UsingInvocationCount -->
