<?xml version="1.0" encoding="UTF-8"?>
<!-- Generated by org.testng.reporters.JUnitReportReporter -->
<testsuite hostname="TYSS-Pritam-Pramanick" failures="0" tests="1" name="all_testNG_package.GroupExecutionClass2" time="0.001" errors="0" timestamp="2025-09-17T13:31:06 IST" skipped="0">
  <testcase classname="all_testNG_package.GroupExecutionClass2" name="a3" time="0.001">
    <system-out>
      <![CDATA[This is A3 Method from class 2]]>
    </system-out>
  </testcase> <!-- a3 -->
  <system-out>
    <![CDATA[This is M2 Method from class 1
This is M3 Method from class 1
This is A3 Method from class 2]]>
  </system-out>
</testsuite> <!-- all_testNG_package.GroupExecutionClass2 -->
